[2023-07-27 00:01:18] [WARNING]: Bot已离线: 服务端强制下线. 
[2023-07-27 00:01:21] [WARNING]: 将在 3 秒后尝试重连. 重连次数：2/0 
[2023-07-27 00:01:24] [WARNING]: 尝试重连... 
[2023-07-27 00:01:25] [WARNING]: 快速重连失败: exchange_emp failed: 40 
[2023-07-27 00:01:25] [WARNING]: 快速重连失败, 尝试普通登录. 这可能是因为其他端强行T下线导致的. 
[2023-07-27 00:01:27] [WARNING]: 登录失败: 你的帐号涉嫌违规被限制在非常用设备登录，请更换常用设备后重新登录并根据提示进行解封。 Code: 45 
[2023-07-27 00:01:27] [WARNING]: 你的账号被限制登录, 请配置 SignServer 后重试 
[2023-07-27 00:04:07] [WARNING]: 恢复会话失败: exchange_emp failed: 16 , 尝试使用正常流程登录. 
[2023-07-27 00:04:09] [WARNING]: 登录失败: 你的帐号涉嫌违规被限制在非常用设备登录，请更换常用设备后重新登录并根据提示进行解封。 Code: 45 
[2023-07-27 00:04:09] [WARNING]: 你的账号被限制登录, 请配置 SignServer 后重试 
[2023-07-27 00:05:00] [WARNING]: 登录失败: 你的帐号涉嫌违规被限制在非常用设备登录，请更换常用设备后重新登录并根据提示进行解封。 Code: 45 
[2023-07-27 00:05:00] [WARNING]: 你的账号被限制登录, 请配置 SignServer 后重试 
[2023-07-27 00:05:40] [WARNING]: 登录失败: 你的帐号涉嫌违规被限制在非常用设备登录，请更换常用设备后重新登录并根据提示进行解封。 Code: 45 
[2023-07-27 00:05:40] [WARNING]: 你的账号被限制登录, 请配置 SignServer 后重试 
[2023-07-27 00:07:16] [WARNING]: 虚拟设备信息不存在, 将自动生成随机设备. 
[2023-07-27 00:07:25] [WARNING]: 登录失败: 你的帐号涉嫌违规被限制在非常用设备登录，请更换常用设备后重新登录并根据提示进行解封。 Code: 45 
[2023-07-27 00:07:25] [WARNING]: 你的账号被限制登录, 请配置 SignServer 后重试 
[2023-07-27 00:09:02] [WARNING]: 账号密码未配置, 将使用二维码登录. 
[2023-07-27 00:09:02] [WARNING]: 将在 5秒 后继续. 
[2023-07-27 00:09:13] [WARNING]: 当前协议不支持二维码登录, 请配置账号密码登录. 
[2023-07-27 00:09:52] [WARNING]: 账号密码未配置, 将使用二维码登录. 
[2023-07-27 00:09:52] [WARNING]: 将在 5秒 后继续. 
[2023-07-27 00:10:18] [WARNING]: Protocol -> device lock is disable. http api may fail. 
[2023-07-27 09:24:36] [WARNING]: Protocol -> device lock is disable. http api may fail. 
[2023-07-27 09:25:08] [WARNING]: Bot已离线: 服务端强制下线. 
[2023-07-27 09:25:11] [WARNING]: 将在 3 秒后尝试重连. 重连次数：2/0 
[2023-07-27 09:25:14] [WARNING]: 尝试重连... 
[2023-07-27 09:25:15] [WARNING]: 快速重连失败: exchange_emp failed: 16 
[2023-07-27 09:25:15] [WARNING]: 快速重连失败, 尝试普通登录. 这可能是因为其他端强行T下线导致的. 
[2023-07-27 09:25:17] [WARNING]: 账号已开启设备锁，请选择验证方式: 
[2023-07-27 09:25:17] [WARNING]: 1. 向手机 180*******1 发送短信验证码 
[2023-07-27 09:25:17] [WARNING]: 2. 使用手机QQ扫码验证. 
[2023-07-27 09:25:17] [WARNING]: 请输入(1 - 2)： 
[2023-07-27 09:25:25] [WARNING]: 请输入短信验证码： (Enter 提交) 
[2023-07-27 09:27:13] [WARNING]: Protocol -> device lock is disable. http api may fail. 
[2023-07-27 14:49:06] [WARNING]: Protocol -> device lock is disable. http api may fail. 
[2023-07-27 15:52:07] [WARNING]: 获取sso sign时出现错误: Post "http://localhost:8080/sign": context deadline exceeded (Client.Timeout exceeded while awaiting headers) server: http://localhost:8080/ 
[2023-07-27 15:52:08] [WARNING]: Protocol -> device lock is disable. http api may fail. 
[2023-07-27 20:07:27] [WARNING]: Protocol -> device lock is disable. http api may fail. 
[2023-07-27 20:07:38] [WARNING]: 警告: 长消息响应延迟为 6183ms, 大于 1000ms, 可能导致无法接收/发送长消息的情况, 请检查本地网络状态. 
[2023-07-27 23:42:57] [WARNING]: Protocol -> device lock is disable. http api may fail. 
