[2023-07-25 11:14:34] [WARNING]: Protocol -> device lock is disable. http api may fail. 
[2023-07-25 11:47:44] [WARNING]: 转换消息 [CQ:image,file=file:///D:\好康的.jpg,cache=1,id=40000,c=2,path=D:/好康的.jpg] 到MiraiGo Element时出现错误: file not found. 
[2023-07-25 15:20:21] [ERROR]: Protocol -> unexpected disconnect: read tcp 192.168.1.22:8963->117.62.243.221:8080: wsarecv: A connection attempt failed because the connected party did not properly respond after a period of time, or established connection failed because connected host has failed to respond. 
[2023-07-25 20:08:19] [ERROR]: Protocol -> unexpected disconnect: read tcp 192.168.1.22:8367->49.7.253.177:14000: wsarecv: A connection attempt failed because the connected party did not properly respond after a period of time, or established connection failed because connected host has failed to respond. 
[2023-07-25 20:47:16] [WARNING]: 群消息发送失败: 账号可能被风控. 
[2023-07-25 20:49:17] [WARNING]: 群消息发送失败: 账号可能被风控. 
[2023-07-25 20:55:25] [WARNING]: 账号密码未配置, 将使用二维码登录. 
[2023-07-25 20:55:25] [WARNING]: 将在 5秒 后继续. 
[2023-07-25 20:55:30] [WARNING]: 虚拟设备信息不存在, 将自动生成随机设备. 
[2023-07-25 20:55:35] [WARNING]: 当前协议不支持二维码登录, 请配置账号密码登录. 
[2023-07-25 20:56:09] [WARNING]: 账号密码未配置, 将使用二维码登录. 
[2023-07-25 20:56:09] [WARNING]: 将在 5秒 后继续. 
[2023-07-25 20:56:19] [WARNING]: 当前协议不支持二维码登录, 请配置账号密码登录. 
[2023-07-25 20:57:20] [WARNING]: 账号密码未配置, 将使用二维码登录. 
[2023-07-25 20:57:20] [WARNING]: 将在 5秒 后继续. 
[2023-07-25 20:57:30] [WARNING]: 当前协议不支持二维码登录, 请配置账号密码登录. 
[2023-07-25 20:58:12] [WARNING]: 账号密码未配置, 将使用二维码登录. 
[2023-07-25 20:58:12] [WARNING]: 将在 5秒 后继续. 
[2023-07-25 20:58:28] [WARNING]: 获取sso sign时出现错误: Post "http://localhost:8080/sign": context deadline exceeded (Client.Timeout exceeded while awaiting headers) server: http://localhost:8080/ 
[2023-07-25 20:58:35] [WARNING]: 获取sso sign时出现错误: Post "http://localhost:8080/sign": context deadline exceeded (Client.Timeout exceeded while awaiting headers) server: http://localhost:8080/ 
[2023-07-25 20:58:41] [WARNING]: 获取sso sign时出现错误: Post "http://localhost:8080/sign": context deadline exceeded (Client.Timeout exceeded while awaiting headers) server: http://localhost:8080/ 
[2023-07-25 20:58:47] [WARNING]: 获取sso sign时出现错误: Post "http://localhost:8080/sign": context deadline exceeded (Client.Timeout exceeded while awaiting headers) server: http://localhost:8080/ 
[2023-07-25 20:59:58] [WARNING]: 账号密码未配置, 将使用二维码登录. 
[2023-07-25 20:59:58] [WARNING]: 将在 5秒 后继续. 
[2023-07-25 21:00:14] [WARNING]: 获取sso sign时出现错误: Post "http://localhost:8080/sign": context deadline exceeded (Client.Timeout exceeded while awaiting headers) server: http://localhost:8080/ 
[2023-07-25 21:00:20] [WARNING]: 获取sso sign时出现错误: Post "http://localhost:8080/sign": context deadline exceeded (Client.Timeout exceeded while awaiting headers) server: http://localhost:8080/ 
[2023-07-25 21:00:26] [WARNING]: 获取sso sign时出现错误: Post "http://localhost:8080/sign": context deadline exceeded (Client.Timeout exceeded while awaiting headers) server: http://localhost:8080/ 
[2023-07-25 21:00:31] [WARNING]: 获取sso sign时出现错误: Post "http://localhost:8080/sign": context deadline exceeded (Client.Timeout exceeded while awaiting headers) server: http://localhost:8080/ 
[2023-07-25 21:00:31] [WARNING]: Protocol -> device lock is disable. http api may fail. 
[2023-07-25 21:00:40] [WARNING]: 警告: 长消息响应延迟为 5529ms, 大于 1000ms, 可能导致无法接收/发送长消息的情况, 请检查本地网络状态. 
[2023-07-25 21:01:24] [WARNING]: 获取sso sign时出现错误: Post "http://localhost:8080/sign": context deadline exceeded (Client.Timeout exceeded while awaiting headers) server: http://localhost:8080/ 
[2023-07-25 21:01:24] [WARNING]: Protocol -> device lock is disable. http api may fail. 
[2023-07-25 23:06:50] [ERROR]: Protocol -> unexpected disconnect: read tcp 192.168.1.22:14004->117.62.242.155:8080: wsarecv: An established connection was aborted by the software in your host machine. 
